rm: cannot remove '/hpc/group/vertgenlab/vertebrateConservation/pairwise/taeGut2.byChrom/chrUn_EQ845496.fa': No such file or directory
rm: cannot remove '/hpc/group/vertgenlab/vertebrateConservation/pairwise/taeGut2.byChrom/chrUn_EQ844535.fa': No such file or directory
rm: cannot remove '/hpc/group/vertgenlab/vertebrateConservation/pairwise/taeGut2.byChrom/chrUn_ABQF01087208.fa': No such file or directory
rm: cannot remove '/hpc/group/vertgenlab/vertebrateConservation/pairwise/taeGut2.byChrom/chrUn_EQ844516.fa': No such file or directory
rm: cannot remove '/hpc/group/vertgenlab/vertebrateConservation/pairwise/taeGut2.byChrom/chrUn_EQ838188.fa': No such file or directory
rm: cannot remove '/hpc/group/vertgenlab/vertebrateConservation/pairwise/taeGut2.byChrom/chrUn_ABQF01109640.fa': No such file or directory
rm: cannot remove '/hpc/group/vertgenlab/vertebrateConservation/pairwise/taeGut2.byChrom/chrUn_EQ835327.fa': No such file or directory
rm: cannot remove '/hpc/group/vertgenlab/vertebrateConservation/pairwise/taeGut2.byChrom/chrUn_ABQF01105966.fa': No such file or directory
rm: cannot remove '/hpc/group/vertgenlab/vertebrateConservation/pairwise/taeGut2.byChrom/chrUn_ABQF01106160.fa': No such file or directory
rm: cannot remove '/hpc/group/vertgenlab/vertebrateConservation/pairwise/taeGut2.byChrom/chrUn_ABQF01104119.fa': No such file or directory
rm: cannot remove '/hpc/group/vertgenlab/vertebrateConservation/pairwise/taeGut2.byChrom/chrUn_ABQF01118081.fa': No such file or directory
rm: cannot remove '/hpc/group/vertgenlab/vertebrateConservation/pairwise/taeGut2.byChrom/chrUn_ABQF01074325.fa': No such file or directory
rm: cannot remove '/hpc/group/vertgenlab/vertebrateConservation/pairwise/taeGut2.byChrom/chrUn_EQ841680.fa': No such file or directory
rm: cannot remove '/hpc/group/vertgenlab/vertebrateConservation/pairwise/taeGut2.byChrom/chrUn_EQ834572.fa': No such file or directory
rm: cannot remove '/hpc/group/vertgenlab/vertebrateConservation/pairwise/taeGut2.byChrom/chrUn_ABQF01088672.fa': No such file or directory
rm: cannot remove '/hpc/group/vertgenlab/vertebrateConservation/pairwise/taeGut2.byChrom/chrUn_EQ841403.fa': No such file or directory
rm: cannot remove '/hpc/group/vertgenlab/vertebrateConservation/pairwise/taeGut2.byChrom/chrUn_ABQF01103711.fa': No such file or directory
rm: cannot remove '/hpc/group/vertgenlab/vertebrateConservation/pairwise/taeGut2.byChrom/chrUn_ABQF01108834.fa': No such file or directory
rm: cannot remove '/hpc/group/vertgenlab/vertebrateConservation/pairwise/taeGut2.byChrom/chrUn_EQ845711.fa': No such file or directory
rm: cannot remove '/hpc/group/vertgenlab/vertebrateConservation/pairwise/taeGut2.byChrom/chrUn_ABQF01115526.fa': No such file or directory
rm: cannot remove '/hpc/group/vertgenlab/vertebrateConservation/pairwise/taeGut2.byChrom/chrUn_EQ845015.fa': No such file or directory
rm: cannot remove '/hpc/group/vertgenlab/vertebrateConservation/pairwise/taeGut2.byChrom/chrUn_ABQF01118552.fa': No such file or directory
rm: cannot remove '/hpc/group/vertgenlab/vertebrateConservation/pairwise/taeGut2.byChrom/chrUn_ABQF01114628.fa': No such file or directory
rm: cannot remove '/hpc/group/vertgenlab/vertebrateConservation/pairwise/taeGut2.byChrom/chrUn_ABQF01081466.fa': No such file or directory
rm: cannot remove '/hpc/group/vertgenlab/vertebrateConservation/pairwise/taeGut2.byChrom/chrUn_EQ840193.fa': No such file or directory
rm: cannot remove '/hpc/group/vertgenlab/vertebrateConservation/pairwise/taeGut2.byChrom/chrUn_ABQF01094538.fa': No such file or directory
rm: cannot remove '/hpc/group/vertgenlab/vertebrateConservation/pairwise/taeGut2.byChrom/chrUn_EQ838173.fa': No such file or directory
rm: cannot remove '/hpc/group/vertgenlab/vertebrateConservation/pairwise/taeGut2.byChrom/chrUn_EQ842953.fa': No such file or directory
rm: cannot remove '/hpc/group/vertgenlab/vertebrateConservation/pairwise/taeGut2.byChrom/chrUn_EQ840050.fa': No such file or directory
rm: cannot remove '/hpc/group/vertgenlab/vertebrateConservation/pairwise/taeGut2.byChrom/chr23_ABQF01118275_random.fa': No such file or directory
rm: cannot remove '/hpc/group/vertgenlab/vertebrateConservation/pairwise/taeGut2.byChrom/chrUn_ABQF01091835.fa': No such file or directory
rm: cannot remove '/hpc/group/vertgenlab/vertebrateConservation/pairwise/taeGut2.byChrom/chrUn_ABQF01093284.fa': No such file or directory
rm: cannot remove '/hpc/group/vertgenlab/vertebrateConservation/pairwise/taeGut2.byChrom/chrUn_EQ836560.fa': No such file or directory
rm: cannot remove '/hpc/group/vertgenlab/vertebrateConservation/pairwise/taeGut2.byChrom/chrUn_EQ843387.fa': No such file or directory
rm: cannot remove '/hpc/group/vertgenlab/vertebrateConservation/pairwise/taeGut2.byChrom/chrUn_ABQF01105306.fa': No such file or directory
rm: cannot remove '/hpc/group/vertgenlab/vertebrateConservation/pairwise/taeGut2.byChrom/chrUn_EQ838111.fa': No such file or directory
rm: cannot remove '/hpc/group/vertgenlab/vertebrateConservation/pairwise/taeGut2.byChrom/chrUn_ABQF01116950.fa': No such file or directory
rm: cannot remove '/hpc/group/vertgenlab/vertebrateConservation/pairwise/taeGut2.byChrom/chrUn_ABQF01114545.fa': No such file or directory
rm: cannot remove '/hpc/group/vertgenlab/vertebrateConservation/pairwise/taeGut2.byChrom/chrUn_EQ834608.fa': No such file or directory
rm: cannot remove '/hpc/group/vertgenlab/vertebrateConservation/pairwise/taeGut2.byChrom/chrUn_ABQF01099629.fa': No such file or directory
rm: cannot remove '/hpc/group/vertgenlab/vertebrateConservation/pairwise/taeGut2.byChrom/chrUn_EQ840897.fa': No such file or directory
rm: cannot remove '/hpc/group/vertgenlab/vertebrateConservation/pairwise/taeGut2.byChrom/chrUn_ABQF01069503.fa': No such file or directory
rm: cannot remove '/hpc/group/vertgenlab/vertebrateConservation/pairwise/taeGut2.byChrom/chrUn_ABQF01120775.fa': No such file or directory
rm: cannot remove '/hpc/group/vertgenlab/vertebrateConservation/pairwise/taeGut2.byChrom/chr15_EQ833022_random.fa': No such file or directory
rm: cannot remove '/hpc/group/vertgenlab/vertebrateConservation/pairwise/taeGut2.byChrom/chrUn_ABQF01110027.fa': No such file or directory
rm: cannot remove '/hpc/group/vertgenlab/vertebrateConservation/pairwise/taeGut2.byChrom/chrUn_EQ842496.fa': No such file or directory
rm: cannot remove '/hpc/group/vertgenlab/vertebrateConservation/pairwise/taeGut2.byChrom/chrUn_ABQF01116564.fa': No such file or directory
rm: cannot remove '/hpc/group/vertgenlab/vertebrateConservation/pairwise/taeGut2.byChrom/chrUn_ABQF01092246.fa': No such file or directory
rm: cannot remove '/hpc/group/vertgenlab/vertebrateConservation/pairwise/taeGut2.byChrom/chrUn_EQ842960.fa': No such file or directory
rm: cannot remove '/hpc/group/vertgenlab/vertebrateConservation/pairwise/taeGut2.byChrom/chrUn_ABQF01094304.fa': No such file or directory
rm: cannot remove '/hpc/group/vertgenlab/vertebrateConservation/pairwise/taeGut2.byChrom/chrUn_EQ845534.fa': No such file or directory
rm: cannot remove '/hpc/group/vertgenlab/vertebrateConservation/pairwise/taeGut2.byChrom/chrUn_ABQF01084294.fa': No such file or directory
rm: cannot remove '/hpc/group/vertgenlab/vertebrateConservation/pairwise/taeGut2.byChrom/chr1_EQ832415_random.fa': No such file or directory
rm: cannot remove '/hpc/group/vertgenlab/vertebrateConservation/pairwise/taeGut2.byChrom/chrUn_ABQF01105830.fa': No such file or directory
rm: cannot remove '/hpc/group/vertgenlab/vertebrateConservation/pairwise/taeGut2.byChrom/chrUn_EQ837299.fa': No such file or directory
rm: cannot remove '/hpc/group/vertgenlab/vertebrateConservation/pairwise/taeGut2.byChrom/chrUn_EQ836812.fa': No such file or directory
rm: cannot remove '/hpc/group/vertgenlab/vertebrateConservation/pairwise/taeGut2.byChrom/chrUn_ABQF01115496.fa': No such file or directory
rm: cannot remove '/hpc/group/vertgenlab/vertebrateConservation/pairwise/taeGut2.byChrom/chrUn_ABQF01110942.fa': No such file or directory
rm: cannot remove '/hpc/group/vertgenlab/vertebrateConservation/pairwise/taeGut2.byChrom/chrUn_ABQF01105099.fa': No such file or directory
rm: cannot remove '/hpc/group/vertgenlab/vertebrateConservation/pairwise/taeGut2.byChrom/chrUn_ABQF01110015.fa': No such file or directory
rm: cannot remove '/hpc/group/vertgenlab/vertebrateConservation/pairwise/taeGut2.byChrom/chrUn_ABQF01099299.fa': No such file or directory
rm: cannot remove '/hpc/group/vertgenlab/vertebrateConservation/pairwise/taeGut2.byChrom/chrUn_EQ845930.fa': No such file or directory
rm: cannot remove '/hpc/group/vertgenlab/vertebrateConservation/pairwise/taeGut2.byChrom/chrUn_ABQF01111390.fa': No such file or directory
rm: cannot remove '/hpc/group/vertgenlab/vertebrateConservation/pairwise/taeGut2.byChrom/chr22_EQ833174_random.fa': No such file or directory
rm: cannot remove '/hpc/group/vertgenlab/vertebrateConservation/pairwise/taeGut2.byChrom/chrUn_ABQF01110875.fa': No such file or directory
rm: cannot remove '/hpc/group/vertgenlab/vertebrateConservation/pairwise/taeGut2.byChrom/chr21_EQ833158_random.fa': No such file or directory
rm: cannot remove '/hpc/group/vertgenlab/vertebrateConservation/pairwise/taeGut2.byChrom/chrUn_ABQF01103869.fa': No such file or directory
rm: cannot remove '/hpc/group/vertgenlab/vertebrateConservation/pairwise/taeGut2.byChrom/chrUn_EQ836736.fa': No such file or directory
rm: cannot remove '/hpc/group/vertgenlab/vertebrateConservation/pairwise/taeGut2.byChrom/chrUn_EQ838703.fa': No such file or directory
rm: cannot remove '/hpc/group/vertgenlab/vertebrateConservation/pairwise/taeGut2.byChrom/chrUn_ABQF01113115.fa': No such file or directory
rm: cannot remove '/hpc/group/vertgenlab/vertebrateConservation/pairwise/taeGut2.byChrom/chrUn_ABQF01113598.fa': No such file or directory
rm: cannot remove '/hpc/group/vertgenlab/vertebrateConservation/pairwise/taeGut2.byChrom/chrUn_ABQF01089540.fa': No such file or directory
rm: cannot remove '/hpc/group/vertgenlab/vertebrateConservation/pairwise/taeGut2.byChrom/chrUn_ABQF01103653.fa': No such file or directory
rm: cannot remove '/hpc/group/vertgenlab/vertebrateConservation/pairwise/taeGut2.byChrom/chrUn_ABQF01118774.fa': No such file or directory
rm: cannot remove '/hpc/group/vertgenlab/vertebrateConservation/pairwise/taeGut2.byChrom/chrUn_EQ838082.fa': No such file or directory
rm: cannot remove '/hpc/group/vertgenlab/vertebrateConservation/pairwise/taeGut2.byChrom/chrUn_ABQF01109575.fa': No such file or directory
rm: cannot remove '/hpc/group/vertgenlab/vertebrateConservation/pairwise/taeGut2.byChrom/chrUn_ABQF01094987.fa': No such file or directory
rm: cannot remove '/hpc/group/vertgenlab/vertebrateConservation/pairwise/taeGut2.byChrom/chrUn_EQ840405.fa': No such file or directory
rm: cannot remove '/hpc/group/vertgenlab/vertebrateConservation/pairwise/taeGut2.byChrom/chrUn_ABQF01081382.fa': No such file or directory
rm: cannot remove '/hpc/group/vertgenlab/vertebrateConservation/pairwise/taeGut2.byChrom/chrUn_ABQF01089874.fa': No such file or directory
rm: cannot remove '/hpc/group/vertgenlab/vertebrateConservation/pairwise/taeGut2.byChrom/chrUn_EQ837445.fa': No such file or directory
rm: cannot remove '/hpc/group/vertgenlab/vertebrateConservation/pairwise/taeGut2.byChrom/chrUn_EQ834327.fa': No such file or directory
rm: cannot remove '/hpc/group/vertgenlab/vertebrateConservation/pairwise/taeGut2.byChrom/chrUn_ABQF01114728.fa': No such file or directory
rm: cannot remove '/hpc/group/vertgenlab/vertebrateConservation/pairwise/taeGut2.byChrom/chrUn_ABQF01099605.fa': No such file or directory
rm: cannot remove '/hpc/group/vertgenlab/vertebrateConservation/pairwise/taeGut2.byChrom/chrUn_EQ839250.fa': No such file or directory
rm: cannot remove '/hpc/group/vertgenlab/vertebrateConservation/pairwise/taeGut2.byChrom/chrUn_ABQF01101027.fa': No such file or directory
rm: cannot remove '/hpc/group/vertgenlab/vertebrateConservation/pairwise/taeGut2.byChrom/chrUn_ABQF01115658.fa': No such file or directory
rm: cannot remove '/hpc/group/vertgenlab/vertebrateConservation/pairwise/taeGut2.byChrom/chrUn_ABQF01088622.fa': No such file or directory
rm: cannot remove '/hpc/group/vertgenlab/vertebrateConservation/pairwise/taeGut2.byChrom/chrUn_ABQF01099532.fa': No such file or directory
rm: cannot remove '/hpc/group/vertgenlab/vertebrateConservation/pairwise/taeGut2.byChrom/chrUn_ABQF01105127.fa': No such file or directory
rm: cannot remove '/hpc/group/vertgenlab/vertebrateConservation/pairwise/taeGut2.byChrom/chrUn_ABQF01109047.fa': No such file or directory
rm: cannot remove '/hpc/group/vertgenlab/vertebrateConservation/pairwise/taeGut2.byChrom/chrUn_ABQF01108696.fa': No such file or directory
rm: cannot remove '/hpc/group/vertgenlab/vertebrateConservation/pairwise/taeGut2.byChrom/chrUn_ABQF01121578.fa': No such file or directory
rm: cannot remove '/hpc/group/vertgenlab/vertebrateConservation/pairwise/taeGut2.byChrom/chrUn_ABQF01120959.fa': No such file or directory
rm: cannot remove '/hpc/group/vertgenlab/vertebrateConservation/pairwise/taeGut2.byChrom/chrUn_ABQF01122594.fa': No such file or directory
rm: cannot remove '/hpc/group/vertgenlab/vertebrateConservation/pairwise/taeGut2.byChrom/chrUn_ABQF01113277.fa': No such file or directory
rm: cannot remove '/hpc/group/vertgenlab/vertebrateConservation/pairwise/taeGut2.byChrom/chrUn_EQ840920.fa': No such file or directory
rm: cannot remove '/hpc/group/vertgenlab/vertebrateConservation/pairwise/taeGut2.byChrom/chrUn_ABQF01112722.fa': No such file or directory
rm: cannot remove '/hpc/group/vertgenlab/vertebrateConservation/pairwise/taeGut2.byChrom/chrUn_ABQF01101048.fa': No such file or directory
rm: cannot remove '/hpc/group/vertgenlab/vertebrateConservation/pairwise/taeGut2.byChrom/chrUn_ABQF01122759.fa': No such file or directory
rm: cannot remove '/hpc/group/vertgenlab/vertebrateConservation/pairwise/taeGut2.byChrom/chrUn_EQ844557.fa': No such file or directory
rm: cannot remove '/hpc/group/vertgenlab/vertebrateConservation/pairwise/taeGut2.byChrom/chrUn_ABQF01097886.fa': No such file or directory
rm: cannot remove '/hpc/group/vertgenlab/vertebrateConservation/pairwise/taeGut2.byChrom/chrUn_ABQF01114062.fa': No such file or directory
rm: cannot remove '/hpc/group/vertgenlab/vertebrateConservation/pairwise/taeGut2.byChrom/chrUn_EQ844331.fa': No such file or directory
rm: cannot remove '/hpc/group/vertgenlab/vertebrateConservation/pairwise/taeGut2.byChrom/chrUn_ABQF01098498.fa': No such file or directory
rm: cannot remove '/hpc/group/vertgenlab/vertebrateConservation/pairwise/taeGut2.byChrom/chrUn_ABQF01112172.fa': No such file or directory
rm: cannot remove '/hpc/group/vertgenlab/vertebrateConservation/pairwise/taeGut2.byChrom/chrUn_EQ838764.fa': No such file or directory
rm: cannot remove '/hpc/group/vertgenlab/vertebrateConservation/pairwise/taeGut2.byChrom/chrUn_ABQF01087228.fa': No such file or directory
rm: cannot remove '/hpc/group/vertgenlab/vertebrateConservation/pairwise/taeGut2.byChrom/chrUn_EQ833408.fa': No such file or directory
rm: cannot remove '/hpc/group/vertgenlab/vertebrateConservation/pairwise/taeGut2.byChrom/chrUn_ABQF01116383.fa': No such file or directory
rm: cannot remove '/hpc/group/vertgenlab/vertebrateConservation/pairwise/taeGut2.byChrom/chrUn_EQ843489.fa': No such file or directory
rm: cannot remove '/hpc/group/vertgenlab/vertebrateConservation/pairwise/taeGut2.byChrom/chrUn_EQ840076.fa': No such file or directory
rm: cannot remove '/hpc/group/vertgenlab/vertebrateConservation/pairwise/taeGut2.byChrom/chrUn_ABQF01115600.fa': No such file or directory
rm: cannot remove '/hpc/group/vertgenlab/vertebrateConservation/pairwise/taeGut2.byChrom/chrUn_EQ840883.fa': No such file or directory
rm: cannot remove '/hpc/group/vertgenlab/vertebrateConservation/pairwise/taeGut2.byChrom/chrUn_ABQF01102748.fa': No such file or directory
rm: cannot remove '/hpc/group/vertgenlab/vertebrateConservation/pairwise/taeGut2.byChrom/chrUn_EQ840877.fa': No such file or directory
rm: cannot remove '/hpc/group/vertgenlab/vertebrateConservation/pairwise/taeGut2.byChrom/chrUn_EQ841845.fa': No such file or directory
rm: cannot remove '/hpc/group/vertgenlab/vertebrateConservation/pairwise/taeGut2.byChrom/chrUn_EQ844454.fa': No such file or directory
rm: cannot remove '/hpc/group/vertgenlab/vertebrateConservation/pairwise/taeGut2.byChrom/chrUn_ABQF01112921.fa': No such file or directory
rm: cannot remove '/hpc/group/vertgenlab/vertebrateConservation/pairwise/taeGut2.byChrom/chrUn_EQ835096.fa': No such file or directory
rm: cannot remove '/hpc/group/vertgenlab/vertebrateConservation/pairwise/taeGut2.byChrom/chrUn_ABQF01107921.fa': No such file or directory
rm: cannot remove '/hpc/group/vertgenlab/vertebrateConservation/pairwise/taeGut2.byChrom/chrUn_ABQF01119650.fa': No such file or directory
rm: cannot remove '/hpc/group/vertgenlab/vertebrateConservation/pairwise/taeGut2.byChrom/chrUn_ABQF01105600.fa': No such file or directory
rm: cannot remove '/hpc/group/vertgenlab/vertebrateConservation/pairwise/taeGut2.byChrom/chr2_EQ832572_random.fa': No such file or directory
rm: cannot remove '/hpc/group/vertgenlab/vertebrateConservation/pairwise/taeGut2.byChrom/chrUn_ABQF01119896.fa': No such file or directory
rm: cannot remove '/hpc/group/vertgenlab/vertebrateConservation/pairwise/taeGut2.byChrom/chrUn_ABQF01111419.fa': No such file or directory
rm: cannot remove '/hpc/group/vertgenlab/vertebrateConservation/pairwise/taeGut2.byChrom/chrUn_ABQF01086047.fa': No such file or directory
rm: cannot remove '/hpc/group/vertgenlab/vertebrateConservation/pairwise/taeGut2.byChrom/chrUn_EQ844027.fa': No such file or directory
rm: cannot remove '/hpc/group/vertgenlab/vertebrateConservation/pairwise/taeGut2.byChrom/chrUn_ABQF01096152.fa': No such file or directory
rm: cannot remove '/hpc/group/vertgenlab/vertebrateConservation/pairwise/taeGut2.byChrom/chrUn_ABQF01065837.fa': No such file or directory
rm: cannot remove '/hpc/group/vertgenlab/vertebrateConservation/pairwise/taeGut2.byChrom/chrUn_EQ839198.fa': No such file or directory
rm: cannot remove '/hpc/group/vertgenlab/vertebrateConservation/pairwise/taeGut2.byChrom/chrUn_ABQF01112321.fa': No such file or directory
rm: cannot remove '/hpc/group/vertgenlab/vertebrateConservation/pairwise/taeGut2.byChrom/chrUn_ABQF01106210.fa': No such file or directory
rm: cannot remove '/hpc/group/vertgenlab/vertebrateConservation/pairwise/taeGut2.byChrom/chrUn_EQ842058.fa': No such file or directory
rm: cannot remove '/hpc/group/vertgenlab/vertebrateConservation/pairwise/taeGut2.byChrom/chrUn_ABQF01120376.fa': No such file or directory
rm: cannot remove '/hpc/group/vertgenlab/vertebrateConservation/pairwise/taeGut2.byChrom/chrUn_ABQF01097771.fa': No such file or directory
rm: cannot remove '/hpc/group/vertgenlab/vertebrateConservation/pairwise/taeGut2.byChrom/chrUn_ABQF01112878.fa': No such file or directory
rm: cannot remove '/hpc/group/vertgenlab/vertebrateConservation/pairwise/taeGut2.byChrom/chrUn_EQ845409.fa': No such file or directory
rm: cannot remove '/hpc/group/vertgenlab/vertebrateConservation/pairwise/taeGut2.byChrom/chrUn_EQ844394.fa': No such file or directory
rm: cannot remove '/hpc/group/vertgenlab/vertebrateConservation/pairwise/taeGut2.byChrom/chrUn_EQ834130.fa': No such file or directory
rm: cannot remove '/hpc/group/vertgenlab/vertebrateConservation/pairwise/taeGut2.byChrom/chrUn_EQ839266.fa': No such file or directory
rm: cannot remove '/hpc/group/vertgenlab/vertebrateConservation/pairwise/taeGut2.byChrom/chrUn_ABQF01119327.fa': No such file or directory
rm: cannot remove '/hpc/group/vertgenlab/vertebrateConservation/pairwise/taeGut2.byChrom/chrUn_ABQF01086910.fa': No such file or directory
rm: cannot remove '/hpc/group/vertgenlab/vertebrateConservation/pairwise/taeGut2.byChrom/chrUn_ABQF01064854.fa': No such file or directory
rm: cannot remove '/hpc/group/vertgenlab/vertebrateConservation/pairwise/taeGut2.byChrom/chrUn_EQ841452.fa': No such file or directory
rm: cannot remove '/hpc/group/vertgenlab/vertebrateConservation/pairwise/taeGut2.byChrom/chrUn_ABQF01099594.fa': No such file or directory
rm: cannot remove '/hpc/group/vertgenlab/vertebrateConservation/pairwise/taeGut2.byChrom/chrUn_ABQF01120668.fa': No such file or directory
rm: cannot remove '/hpc/group/vertgenlab/vertebrateConservation/pairwise/taeGut2.byChrom/chrUn_EQ841529.fa': No such file or directory
rm: cannot remove '/hpc/group/vertgenlab/vertebrateConservation/pairwise/taeGut2.byChrom/chrUn_EQ843316.fa': No such file or directory
rm: cannot remove '/hpc/group/vertgenlab/vertebrateConservation/pairwise/taeGut2.byChrom/chrUn_EQ844825.fa': No such file or directory
rm: cannot remove '/hpc/group/vertgenlab/vertebrateConservation/pairwise/taeGut2.byChrom/chrUn_ABQF01120547.fa': No such file or directory
rm: cannot remove '/hpc/group/vertgenlab/vertebrateConservation/pairwise/taeGut2.byChrom/chrUn_EQ840836.fa': No such file or directory
rm: cannot remove '/hpc/group/vertgenlab/vertebrateConservation/pairwise/taeGut2.byChrom/chrUn_ABQF01111550.fa': No such file or directory
rm: cannot remove '/hpc/group/vertgenlab/vertebrateConservation/pairwise/taeGut2.byChrom/chrUn_ABQF01111215.fa': No such file or directory
rm: cannot remove '/hpc/group/vertgenlab/vertebrateConservation/pairwise/taeGut2.byChrom/chrUn_EQ839149.fa': No such file or directory
rm: cannot remove '/hpc/group/vertgenlab/vertebrateConservation/pairwise/taeGut2.byChrom/chrUn_ABQF01089030.fa': No such file or directory
rm: cannot remove '/hpc/group/vertgenlab/vertebrateConservation/pairwise/taeGut2.byChrom/chrUn_EQ840994.fa': No such file or directory
rm: cannot remove '/hpc/group/vertgenlab/vertebrateConservation/pairwise/taeGut2.byChrom/chr3_EQ832604_random.fa': No such file or directory
rm: cannot remove '/hpc/group/vertgenlab/vertebrateConservation/pairwise/taeGut2.byChrom/chrUn_ABQF01104981.fa': No such file or directory
rm: cannot remove '/hpc/group/vertgenlab/vertebrateConservation/pairwise/taeGut2.byChrom/chrUn_EQ836581.fa': No such file or directory
rm: cannot remove '/hpc/group/vertgenlab/vertebrateConservation/pairwise/taeGut2.byChrom/chrUn_EQ845754.fa': No such file or directory
rm: cannot remove '/hpc/group/vertgenlab/vertebrateConservation/pairwise/taeGut2.byChrom/chrUn_ABQF01122711.fa': No such file or directory
rm: cannot remove '/hpc/group/vertgenlab/vertebrateConservation/pairwise/taeGut2.byChrom/chrUn_EQ844840.fa': No such file or directory
rm: cannot remove '/hpc/group/vertgenlab/vertebrateConservation/pairwise/taeGut2.byChrom/chrUn_ABQF01108194.fa': No such file or directory
rm: cannot remove '/hpc/group/vertgenlab/vertebrateConservation/pairwise/taeGut2.byChrom/chrUn_EQ841512.fa': No such file or directory
rm: cannot remove '/hpc/group/vertgenlab/vertebrateConservation/pairwise/taeGut2.byChrom/chrUn_ABQF01105806.fa': No such file or directory
rm: cannot remove '/hpc/group/vertgenlab/vertebrateConservation/pairwise/taeGut2.byChrom/chrUn_ABQF01110031.fa': No such file or directory
rm: cannot remove '/hpc/group/vertgenlab/vertebrateConservation/pairwise/taeGut2.byChrom/chrUn_EQ836257.fa': No such file or directory
rm: cannot remove '/hpc/group/vertgenlab/vertebrateConservation/pairwise/taeGut2.byChrom/chrUn_ABQF01103108.fa': No such file or directory
rm: cannot remove '/hpc/group/vertgenlab/vertebrateConservation/pairwise/taeGut2.byChrom/chrUn_EQ836189.fa': No such file or directory
rm: cannot remove '/hpc/group/vertgenlab/vertebrateConservation/pairwise/taeGut2.byChrom/chrUn_ABQF01108191.fa': No such file or directory
rm: cannot remove '/hpc/group/vertgenlab/vertebrateConservation/pairwise/taeGut2.byChrom/chrUn_ABQF01072560.fa': No such file or directory
rm: cannot remove '/hpc/group/vertgenlab/vertebrateConservation/pairwise/taeGut2.byChrom/chrUn_ABQF01109498.fa': No such file or directory
rm: cannot remove '/hpc/group/vertgenlab/vertebrateConservation/pairwise/taeGut2.byChrom/chrUn_EQ839928.fa': No such file or directory
rm: cannot remove '/hpc/group/vertgenlab/vertebrateConservation/pairwise/taeGut2.byChrom/chr3_EQ832595_random.fa': No such file or directory
rm: cannot remove '/hpc/group/vertgenlab/vertebrateConservation/pairwise/taeGut2.byChrom/chrUn_EQ835649.fa': No such file or directory
rm: cannot remove '/hpc/group/vertgenlab/vertebrateConservation/pairwise/taeGut2.byChrom/chrUn_ABQF01116272.fa': No such file or directory
rm: cannot remove '/hpc/group/vertgenlab/vertebrateConservation/pairwise/taeGut2.byChrom/chrUn_ABQF01098140.fa': No such file or directory
rm: cannot remove '/hpc/group/vertgenlab/vertebrateConservation/pairwise/taeGut2.byChrom/chr4_KB442255_random.fa': No such file or directory
rm: cannot remove '/hpc/group/vertgenlab/vertebrateConservation/pairwise/taeGut2.byChrom/chrUn_ABQF01109759.fa': No such file or directory
rm: cannot remove '/hpc/group/vertgenlab/vertebrateConservation/pairwise/taeGut2.byChrom/chrUn_EQ840594.fa': No such file or directory
rm: cannot remove '/hpc/group/vertgenlab/vertebrateConservation/pairwise/taeGut2.byChrom/chrUn_ABQF01109304.fa': No such file or directory
rm: cannot remove '/hpc/group/vertgenlab/vertebrateConservation/pairwise/taeGut2.byChrom/chrUn_ABQF01104038.fa': No such file or directory
