Start
Adipose-Subcutaneous
chr1	40942699	40942737	ENSG00000187815.5	AATG	0.8982209999999999	ZFP69
chr6	71997611	71997695	ENSG00000119900.7	AACAG	0.862359	OGFRL1
chr11	297578	297600	ENSG00000206013.2	GT	0.6212770000000001	IFITM5
chr8	21906580	21906600	ENSG00000158856.13	CCGGGG	0.472037	DMTN
chr17	4690817	4690848	ENSG00000182327.7	GTTT	0.383016	GLTPD2
chr20	61434291	61434317	ENSG00000060491.12	AC	0.355562	OGFR
chr19	35522266	35522288	ENSG00000105711.6	AG	0.350298	SCN1B
Adipose-Visceral
chr17	4860836	4860862	ENSG00000091640.3	A	0.995932	SPAG7
chr17	38118930	38118958	ENSG00000167914.6	AC	0.56508	GSDMA
chr19	572087	572104	ENSG00000172270.14	AT	0.5422899999999999	BSG
chr2	239131748	239131765	ENSG00000186235.6	T	0.430993	AC016757.3
chr19	39831067	39831093	ENSG00000179134.10	T	0.319911	SAMD4B
Artery-Aorta
chr6	159395879	159395890	ENSG00000130363.7	T	0.944154	RSPH3
chr11	20384871	20384898	ENSG00000109854.9	GT	0.748108	HTATIP2
chr4	57831170	57831182	ENSG00000084092.6	T	0.615718	NOA1
chr20	61434291	61434317	ENSG00000060491.12	AC	0.553485	OGFR
chr10	124689716	124689742	ENSG00000119965.8	AAAT	0.5324479999999999	C10orf88
chr17	78108949	78108984	ENSG00000141543.5	A	0.5138050000000001	EIF4A3
chr15	31230387	31230399	ENSG00000166912.12	A	0.477218	MTMR10
chr8	21906580	21906600	ENSG00000158856.13	CCGGGG	0.455392	DMTN
chr11	810012	810039	ENSG00000177600.4	CCG	0.385805	RPLP2
chr9	140135793	140135809	ENSG00000188229.5	CCG	0.376062	TUBB4B
chr19	40574238	40574275	ENSG00000197782.10	ATCT	0.374419	ZNF780A
chr4	185309361	185309400	ENSG00000168310.6	ATGGG	0.370096	IRF2
chr14	20936232	20936242	ENSG00000198805.7	A	0.367099	PNP
chr12	129278282	129278294	ENSG00000139370.6	A	0.346023	SLC15A4
chr9	37422521	37422532	ENSG00000137106.13	AC	0.337383	GRHPR
Artery-Tibial
chr6	159395879	159395890	ENSG00000130363.7	T	0.999589	RSPH3
chr5	133707165	133707196	ENSG00000119048.3	CGG	0.994858	UBE2B
chr4	140587252	140587288	ENSG00000085871.4	GT	0.949074	MGST2
chr11	110301826	110301861	ENSG00000137714.2	AGC	0.908338	FDX1
chr20	2633379	2633421	ENSG00000101361.10	CCTGGG	0.804049	NOP56
chr11	6411931	6411971	ENSG00000166311.5	CGCTGG	0.694796	SMPD1
chr2	25384460	25384481	ENSG00000115138.6	CTG	0.6803939999999999	POMC
chr9	37422521	37422532	ENSG00000137106.13	AC	0.476329	GRHPR
chr11	20384871	20384898	ENSG00000109854.9	GT	0.387394	HTATIP2
chr7	23747889	23747921	ENSG00000196335.8	GT	0.379554	STK31
chr15	34632390	34632404	ENSG00000182117.4	T	0.32238	NOP10
Brain-Caudate
chr12	56112277	56112311	ENSG00000135437.5	GT	0.993648	RDH5
chr2	25384460	25384481	ENSG00000115138.6	CTG	0.380213	POMC
chr1	40942699	40942737	ENSG00000187815.5	AATG	0.328845	ZFP69
Brain-Cerebellum
chr6	131458278	131458288	ENSG00000118507.11	T	0.852783	AKAP7
chr20	30865502	30865547	ENSG00000101350.6	CCG	0.477997	KIF3B
chr2	136290133	136290148	ENSG00000048991.12	AT	0.301788	R3HDM1
chr11	20384871	20384898	ENSG00000109854.9	GT	0.30075	HTATIP2
Cells-Transformedfibroblasts
chr10	134000824	134000897	ENSG00000151640.8	CCCGG	1.0	DPYSL4
chr10	45492267	45492315	ENSG00000165511.4	GT	0.995399	C10orf25
chr11	20384871	20384898	ENSG00000109854.9	GT	0.934909	HTATIP2
chr11	6411931	6411971	ENSG00000166311.5	CGCTGG	0.694308	SMPD1
chr4	56813210	56813249	ENSG00000174799.6	AAAAAC	0.595688	CEP135
chr11	71708250	71708273	ENSG00000137496.13	GT	0.58125	IL18BP
chr17	4860836	4860862	ENSG00000091640.3	A	0.517302	SPAG7
chr12	93164773	93164798	ENSG00000102189.12	GT	0.505558	EEA1
chr1	204799135	204799174	ENSG00000163531.11	GT	0.450016	NFASC
Esophagus-Mucosa
chr19	36158402	36158413	ENSG00000105668.3	T	0.8543129999999999	UPK1A
chr1	40942699	40942737	ENSG00000187815.5	AATG	0.779231	ZFP69
chr3	49711229	49711275	ENSG00000164062.8	ACGCTC	0.704813	APEH
chr2	191745599	191745646	ENSG00000115419.8	AGC	0.654788	GLS
chr10	45869548	45869585	ENSG00000012779.6	CGGGGG	0.573577	ALOX5
chr3	52027854	52027886	ENSG00000162244.6	CCTTGG	0.5271779999999999	RPL29
chr19	49252548	49252586	ENSG00000174951.6	AAAT	0.409788	FUT1
chr5	72416311	72416333	ENSG00000157111.8	CCCTG	0.332435	TMEM171
chr12	100866213	100866251	ENSG00000012504.9	AC	0.314078	NR1H4
Esophagus-Muscularis
chr17	4860836	4860862	ENSG00000091640.3	A	0.806401	SPAG7
chr11	6411931	6411971	ENSG00000166311.5	CGCTGG	0.722321	SMPD1
chr6	71997611	71997695	ENSG00000119900.7	AACAG	0.652076	OGFRL1
chr11	20384871	20384898	ENSG00000109854.9	GT	0.5724670000000001	HTATIP2
chr9	37422521	37422532	ENSG00000137106.13	AC	0.4677	GRHPR
Heart-LeftVentricle
chr1	151483912	151483959	ENSG00000143375.10	AGCCCG	0.779423	CGN
chr11	20384871	20384898	ENSG00000109854.9	GT	0.410675	HTATIP2
Lung
chr19	40574238	40574275	ENSG00000197782.10	ATCT	0.988423	ZNF780A
chr9	37422521	37422532	ENSG00000137106.13	AC	0.775167	GRHPR
chr1	40942699	40942737	ENSG00000187815.5	AATG	0.730005	ZFP69
chr18	56888791	56888848	ENSG00000134443.5	GT	0.515469	GRP
chr20	37228850	37228890	ENSG00000124143.6	ATCC	0.499028	ARHGAP40
chr11	810012	810039	ENSG00000177600.4	CCG	0.448007	RPLP2
chr5	133707165	133707196	ENSG00000119048.3	CGG	0.388178	UBE2B
chr20	43343864	43343922	ENSG00000064205.6	GT	0.377244	WISP2
chr19	49252548	49252586	ENSG00000174951.6	AAAT	0.372059	FUT1
chr4	71768319	71768350	ENSG00000173542.4	CCCG	0.335693	MOB1B
chr11	6411931	6411971	ENSG00000166311.5	CGCTGG	0.320727	SMPD1
Muscle-Skeletal
chr6	139096074	139096107	ENSG00000024862.12	GTTTT	0.999184	CCDC28A
chr20	2633379	2633421	ENSG00000101361.10	CCTGGG	0.998145	NOP56
chr20	3053936	3053947	ENSG00000101405.3	T	0.857153	OXT
chr17	4860836	4860862	ENSG00000091640.3	A	0.836942	SPAG7
chr11	832893	832925	ENSG00000177697.13	CGGGG	0.807153	CD151
chr17	46673135	46673193	ENSG00000108511.8	ATC	0.459021	HOXB6
chr9	140135793	140135809	ENSG00000188229.5	CCG	0.458965	TUBB4B
chr2	25384460	25384481	ENSG00000115138.6	CTG	0.412689	POMC
chr9	37422521	37422532	ENSG00000137106.13	AC	0.382615	GRHPR
chr8	21906580	21906600	ENSG00000158856.13	CCGGGG	0.361505	DMTN
chr1	160452972	160452983	ENSG00000162739.9	T	0.338299	SLAMF6
chr1	156561558	156561575	ENSG00000163382.7	CCGGG	0.337412	APOA1BP
chr15	34632390	34632404	ENSG00000182117.4	T	0.328091	NOP10
chr9	98206771	98206810	ENSG00000185920.11	AC	0.306304	PTCH1
chr14	35512080	35512117	ENSG00000151327.8	AC	0.305139	FAM177A1
Nerve-Tibial
chr19	40574238	40574275	ENSG00000197782.10	ATCT	0.999987	ZNF780A
chr6	159395879	159395890	ENSG00000130363.7	T	0.999965	RSPH3
chr17	4860836	4860862	ENSG00000091640.3	A	0.985966	SPAG7
chr1	156561558	156561575	ENSG00000163382.7	CCGGG	0.8569479999999999	APOA1BP
chr11	6411931	6411971	ENSG00000166311.5	CGCTGG	0.837987	SMPD1
chr20	3768790	3768811	ENSG00000101224.13	AAAG	0.716251	CDC25B
chr7	39018805	39018815	ENSG00000106536.15	T	0.674316	POU6F2
chr9	37422521	37422532	ENSG00000137106.13	AC	0.584442	GRHPR
chr12	57055448	57055459	ENSG00000110958.11	T	0.536521	PTGES3
chr2	191745599	191745646	ENSG00000115419.8	AGC	0.472417	GLS
chr11	810012	810039	ENSG00000177600.4	CCG	0.453457	RPLP2
chr14	23369995	23370015	ENSG00000100461.13	AT	0.442901	RBM23
chr4	140587252	140587288	ENSG00000085871.4	GT	0.428941	MGST2
chr7	23747889	23747921	ENSG00000196335.8	GT	0.420112	STK31
chr9	130922029	130922050	ENSG00000171159.4	C	0.419702	C9orf16
chr6	71997611	71997695	ENSG00000119900.7	AACAG	0.302332	OGFRL1
Skin-NotSunExposed
chr6	159395879	159395890	ENSG00000130363.7	T	0.681417	RSPH3
chr19	36158402	36158413	ENSG00000105668.3	T	0.564	UPK1A
Skin-SunExposed
chr1	40942699	40942737	ENSG00000187815.5	AATG	0.999993	ZFP69
chr5	133707165	133707196	ENSG00000119048.3	CGG	0.783514	UBE2B
chr14	75704146	75704179	ENSG00000258740.1	AC	0.715367	RP11-293M10.1
chr13	79172607	79172617	ENSG00000152192.6	T	0.681566	POU4F1
chr20	2633379	2633421	ENSG00000101361.10	CCTGGG	0.670932	NOP56
chr11	810012	810039	ENSG00000177600.4	CCG	0.442746	RPLP2
chr12	13691750	13691787	ENSG00000273079.1	AAAC	0.399833	GRIN2B
chr17	4860836	4860862	ENSG00000091640.3	A	0.375061	SPAG7
chr1	110904378	110904397	ENSG00000168679.13	T	0.354641	SLC16A4
chr2	15733025	15733039	ENSG00000079785.10	T	0.301361	DDX1
Thyroid
chr19	34288153	34288208	ENSG00000153885.10	GT	0.980545	KCTD15
chr1	45140620	45140658	ENSG00000198520.6	ATGG	0.910567	C1orf228
chr15	80445510	80445566	ENSG00000103876.7	AGTGG	0.7779729999999999	FAH
chr17	4860836	4860862	ENSG00000091640.3	A	0.719857	SPAG7
chr20	2633379	2633421	ENSG00000101361.10	CCTGGG	0.649519	NOP56
chr14	23369995	23370015	ENSG00000100461.13	AT	0.521235	RBM23
chr10	135091229	135091240	ENSG00000130640.9	G	0.484344	TUBGCP2
chr12	54383925	54383935	ENSG00000197757.7	C	0.329322	HOXC6
WholeBlood
chr22	38201266	38201298	ENSG00000189060.4	AGAGGC	0.904027	H1F0
chr11	832968	833000	ENSG00000177697.13	CCG	0.48371	CD151
chr14	100844510	100844523	ENSG00000176473.9	T	0.4389020000000001	WDR25
chr16	89679848	89679881	ENSG00000015413.5	CCT	0.413603	DPEP1
chr6	3117089	3117100	ENSG00000137274.8	A	0.349335	BPHL
chr2	239131748	239131765	ENSG00000186235.6	T	0.323825	AC016757.3
chr19	17857762	17857784	ENSG00000130475.10	GTTT	0.305259	FCHO1
