/hpc/group/vertgenlab/RefGenomes/vertCons/criGriChoV2/criGriChoV2.fa
/hpc/group/vertgenlab/RefGenomes/vertCons/gorGor6/gorGor6.fa
/hpc/group/vertgenlab/RefGenomes/vertCons/cavPor3/cavPor3.fa
/hpc/group/vertgenlab/RefGenomes/vertCons/panPan3/panPan3.fa
/hpc/group/vertgenlab/RefGenomes/vertCons/speTri2/speTri2.fa
/hpc/group/vertgenlab/RefGenomes/vertCons/hetGla2/hetGla2.fa
/hpc/group/vertgenlab/RefGenomes/vertCons/susScr11/susScr11.fa
/hpc/group/vertgenlab/RefGenomes/vertCons/equCab3/equCab3.fa
/hpc/group/vertgenlab/RefGenomes/vertCons/bosTau9/bosTau9.fa
/hpc/group/vertgenlab/RefGenomes/vertCons/canFam6/canFam6.fa
/hpc/group/vertgenlab/RefGenomes/vertCons/turTru2/turTru2.fa
/hpc/group/vertgenlab/RefGenomes/vertCons/tupBel1/tupBel1.fa
/hpc/group/vertgenlab/RefGenomes/vertCons/loxAfr3/loxAfr3.fa
/hpc/group/vertgenlab/RefGenomes/vertCons/myoLuc2/myoLuc2.fa
/hpc/group/vertgenlab/RefGenomes/vertCons/taeGut2/taeGut2.fa
/hpc/group/vertgenlab/RefGenomes/vertCons/aptMan1/aptMan1.fa
/hpc/group/vertgenlab/RefGenomes/vertCons/melUnd1/melUnd1.fa
/hpc/group/vertgenlab/RefGenomes/vertCons/allMis1/allMis1.fa
/hpc/group/vertgenlab/RefGenomes/vertCons/chrPic1/chrPic1.fa
/hpc/group/vertgenlab/RefGenomes/vertCons/thaSir1/thaSir1.fa
/hpc/group/vertgenlab/RefGenomes/vertCons/oryLat2/oryLat2.fa
/hpc/group/vertgenlab/RefGenomes/vertCons/petMar3/petMar3.fa
/hpc/group/vertgenlab/RefGenomes/vertCons/oreNil2/oreNil2.fa
/hpc/group/vertgenlab/RefGenomes/vertCons/oryCun2/oryCun2.fa
/hpc/group/vertgenlab/RefGenomes/vertCons/aquChr2/aquChr2.fa
/hpc/group/vertgenlab/RefGenomes/vertCons/galGal6/galGal6.fa
/hpc/group/vertgenlab/RefGenomes/vertCons/hg38/hg38.fa
/hpc/group/vertgenlab/RefGenomes/vertCons/panTro6/panTro6.fa
/hpc/group/vertgenlab/RefGenomes/vertCons/mm39/mm39.fa
/hpc/group/vertgenlab/RefGenomes/vertCons/gasAcu1/gasAcu1.fa
DONE
